GET 304 - - 6.472 ms 28/May/2024:16:40:50 +0000 HTTP/1.1 /
GET 200 25 - 6.010 ms 28/May/2024:16:41:12 +0000 HTTP/1.1 /
POST 404 147 - 7.304 ms 28/May/2024:16:50:16 +0000 HTTP/1.1 /post%20
POST 500 1726 - 5.215 ms 28/May/2024:16:51:57 +0000 HTTP/1.1 /post
POST 500 1726 - 13.172 ms 28/May/2024:16:52:40 +0000 HTTP/1.1 /post
POST 500 1726 - 8.744 ms 28/May/2024:16:52:55 +0000 HTTP/1.1 /post
POST 201 24 - 10.838 ms 28/May/2024:16:55:14 +0000 HTTP/1.1 /post
GET 200 41 - 33.490 ms 28/May/2024:17:13:16 +0000 HTTP/1.1 /get-users
POST 404 144 - 8.923 ms 28/May/2024:17:24:52 +0000 HTTP/1.1 /post
POST 201 24 - 30.686 ms 28/May/2024:17:25:13 +0000 HTTP/1.1 /add-user
POST 201 24 - 621.389 ms 28/May/2024:17:27:51 +0000 HTTP/1.1 /add-user
POST 201 25 - 36.029 ms 28/May/2024:17:28:48 +0000 HTTP/1.1 /add-user
POST 201 40 - 33.651 ms 28/May/2024:17:30:43 +0000 HTTP/1.1 /add-user
POST 201 40 - 45.520 ms 28/May/2024:17:31:14 +0000 HTTP/1.1 /add-user
POST 201 40 - 53.867 ms 28/May/2024:17:31:44 +0000 HTTP/1.1 /add-user
POST 201 40 - 33.226 ms 28/May/2024:17:32:46 +0000 HTTP/1.1 /add-user
POST 500 1657 - 1620.949 ms 28/May/2024:17:36:45 +0000 HTTP/1.1 /add-user
POST 201 40 - 32.284 ms 28/May/2024:17:37:21 +0000 HTTP/1.1 /add-user
POST 500 1623 - 48.596 ms 28/May/2024:17:38:08 +0000 HTTP/1.1 /add-user
POST 201 40 - 46.018 ms 28/May/2024:17:38:35 +0000 HTTP/1.1 /add-user
POST 201 40 - 50.167 ms 28/May/2024:17:39:33 +0000 HTTP/1.1 /add-user
POST 201 40 - 63.457 ms 28/May/2024:17:40:32 +0000 HTTP/1.1 /add-user
POST 404 146 - 23.620 ms 28/May/2024:17:47:57 +0000 HTTP/1.1 /user/1
PUT 201 14 - 13.308 ms 28/May/2024:17:48:10 +0000 HTTP/1.1 /user/1
PUT 201 14 - 6.486 ms 28/May/2024:17:49:02 +0000 HTTP/1.1 /user/1
GET 304 - - 11.974 ms 28/May/2024:17:55:46 +0000 HTTP/1.1 /
PUT 201 14 - 37.395 ms 28/May/2024:17:56:30 +0000 HTTP/1.1 /user/1
PUT 201 14 - 40.201 ms 28/May/2024:17:59:30 +0000 HTTP/1.1 /user/1
PUT 201 14 - 49.263 ms 28/May/2024:18:06:44 +0000 HTTP/1.1 /user/1
PUT 201 14 - 34.249 ms 28/May/2024:18:07:09 +0000 HTTP/1.1 /user/1
PUT 201 25 - 42.136 ms 28/May/2024:18:09:56 +0000 HTTP/1.1 /user/1
PUT 201 17 - 50.366 ms 28/May/2024:18:10:32 +0000 HTTP/1.1 /user/4
PUT 201 17 - 6.044 ms 28/May/2024:18:11:40 +0000 HTTP/1.1 /user/2
PUT 201 17 - 5.428 ms 28/May/2024:18:12:11 +0000 HTTP/1.1 /user/1
PUT 201 17 - 45.384 ms 28/May/2024:18:12:37 +0000 HTTP/1.1 /user/1
PUT 201 17 - 74.582 ms 28/May/2024:18:12:54 +0000 HTTP/1.1 /user/4
DELETE 200 17 - 18.309 ms 28/May/2024:18:21:31 +0000 HTTP/1.1 /user/4
